<?xml version="1.0" encoding="UTF-8" ?>
<testsuite tests="6" failures="1" name="com.revature.ers.dao.UserDaoTest" time="0.052" errors="0" skipped="0">
  <properties>
[...]
</properties>
  <testcase classname="com.revature.ers.dao.UserDaoTest" name="testSelectAll" time="0"/>
  <testcase classname="com.revature.ers.dao.UserDaoTest" name="testDeleteById" time="0.016"/>
  <testcase classname="com.revature.ers.dao.UserDaoTest" name="testCreate" time="0"/>
  <testcase classname="com.revature.ers.dao.UserDaoTest" name="testSelectBy" time="0.016"/>
  <testcase classname="com.revature.ers.dao.UserDaoTest" name="testSelectByID" time="0.016">
    <failure message="expected:&lt;[wordpass]&gt; but was:&lt;[password]&gt;" type="org.junit.ComparisonFailure">org.junit.ComparisonFailure: expected:&lt;[wordpass]&gt; but was:&lt;[password]&gt;
	at org.junit.Assert.assertEquals(Assert.java:115)
	at org.junit.Assert.assertEquals(Assert.java:144)
	at com.revature.ers.dao.UserDaoTest.testSelectByID(UserDaoTest.java:241)
	at sun.reflect.NativeMethodAccessorImpl.invoke0(Native Method)
	at sun.reflect.NativeMethodAccessorImpl.invoke(NativeMethodAccessorImpl.java:62)
	at sun.reflect.DelegatingMethodAccessorImpl.invoke(DelegatingMethodAccessorImpl.java:43)
	at java.lang.reflect.Method.invoke(Method.java:498)
	at org.junit.runners.model.FrameworkMethod$1.runReflectiveCall(FrameworkMethod.java:50)
	at org.junit.internal.runners.model.ReflectiveCallable.run(ReflectiveCallable.java:12)
	at org.junit.runners.model.FrameworkMethod.invokeExplosively(FrameworkMethod.java:47)
	at org.junit.internal.runners.statements.InvokeMethod.evaluate(InvokeMethod.java:17)
	at org.junit.internal.runners.statements.RunBefores.evaluate(RunBefores.java:26)
	at org.junit.internal.runners.statements.RunAfters.evaluate(RunAfters.java:27)
	at org.junit.runners.ParentRunner.runLeaf(ParentRunner.java:325)
	at org.junit.runners.BlockJUnit4ClassRunner.runChild(BlockJUnit4ClassRunner.java:78)
	at org.junit.runners.BlockJUnit4ClassRunner.runChild(BlockJUnit4ClassRunner.java:57)
	at org.junit.runners.ParentRunner$3.run(ParentRunner.java:290)
	at org.junit.runners.ParentRunner$1.schedule(ParentRunner.java:71)
	at org.junit.runners.ParentRunner.runChildren(ParentRunner.java:288)
	at org.junit.runners.ParentRunner.access$000(ParentRunner.java:58)
	at org.junit.runners.ParentRunner$2.evaluate(ParentRunner.java:268)
	at org.junit.internal.runners.statements.RunBefores.evaluate(RunBefores.java:26)
	at org.junit.internal.runners.statements.RunAfters.evaluate(RunAfters.java:27)
	at org.junit.runners.ParentRunner.run(ParentRunner.java:363)
	at org.apache.maven.surefire.junit4.JUnit4Provider.execute(JUnit4Provider.java:252)
	at org.apache.maven.surefire.junit4.JUnit4Provider.executeTestSet(JUnit4Provider.java:141)
	at org.apache.maven.surefire.junit4.JUnit4Provider.invoke(JUnit4Provider.java:112)
	at sun.reflect.NativeMethodAccessorImpl.invoke0(Native Method)
	at sun.reflect.NativeMethodAccessorImpl.invoke(NativeMethodAccessorImpl.java:62)
	at sun.reflect.DelegatingMethodAccessorImpl.invoke(DelegatingMethodAccessorImpl.java:43)
	at java.lang.reflect.Method.invoke(Method.java:498)
	at org.apache.maven.surefire.util.ReflectionUtils.invokeMethodWithArray(ReflectionUtils.java:189)
	at org.apache.maven.surefire.booter.ProviderFactory$ProviderProxy.invoke(ProviderFactory.java:165)
	at org.apache.maven.surefire.booter.ProviderFactory.invokeProvider(ProviderFactory.java:85)
	at org.apache.maven.surefire.booter.ForkedBooter.runSuitesInProcess(ForkedBooter.java:115)
	at org.apache.maven.surefire.booter.ForkedBooter.main(ForkedBooter.java:75)
</failure>
    <system-out>2017-06-28 09:21:15 DEBUG UserDaoTest:238 - testSelectByID()
2017-06-28 09:21:15 DEBUG UserDaoImpl:71 - prepared statement created
2017-06-28 09:21:15 DEBUG UserDaoImpl:73 - query executed
2017-06-28 09:21:15 TRACE UserDaoImpl:201 - Reading Row: 1
2017-06-28 09:21:15 DEBUG UserDaoImpl:136 - prepared statement created
2017-06-28 09:21:15 DEBUG UserDaoImpl:138 - query executed
2017-06-28 09:21:15 TRACE UserDaoImpl:140 - Reading Row: 1
2017-06-28 09:21:15 DEBUG StreamCloser:11 - Stream Closed: class oracle.jdbc.driver.OraclePreparedStatementWrapper
2017-06-28 09:21:15 DEBUG StreamCloser:11 - Stream Closed: class oracle.jdbc.driver.OraclePreparedStatementWrapper
</system-out>
  </testcase>
  <testcase classname="com.revature.ers.dao.UserDaoTest" name="testUpdateBy" time="0.004"/>
</testsuite>